build/outputs/logs/manifest-merger-debug-report.txt
-- Merging decision tree log ---
manifest
ADDED from github_open_source\platform_packages_apps_browser\AndroidManifest.xml:19:1-272:12
	package
		ADDED from github_open_source\platform_packages_apps_browser\AndroidManifest.xml:19:70-99
		INJECTED from github_open_source\platform_packages_apps_browser\AndroidManifest.xml
		INJECTED from github_open_source\platform_packages_apps_browser\AndroidManifest.xml
	android:versionName
		INJECTED from github_open_source\platform_packages_apps_browser\AndroidManifest.xml
		INJECTED from github_open_source\platform_packages_apps_browser\AndroidManifest.xml
	xmlns:android
		ADDED from github_open_source\platform_packages_apps_browser\AndroidManifest.xml:19:11-69
	android:versionCode
		INJECTED from github_open_source\platform_packages_apps_browser\AndroidManifest.xml
		INJECTED from github_open_source\platform_packages_apps_browser\AndroidManifest.xml
original-package
ADDED from github_open_source\platform_packages_apps_browser\AndroidManifest.xml:21:5-60
	android:name
		ADDED from github_open_source\platform_packages_apps_browser\AndroidManifest.xml:21:23-57
permission#com.android.browser.permission.PRELOAD
ADDED from github_open_source\platform_packages_apps_browser\AndroidManifest.xml:23:5-25:55
	android:label
		ADDED from github_open_source\platform_packages_apps_browser\AndroidManifest.xml:24:9-57
	android:protectionLevel
		ADDED from github_open_source\platform_packages_apps_browser\AndroidManifest.xml:25:9-52
	android:name
		ADDED from github_open_source\platform_packages_apps_browser\AndroidManifest.xml:23:17-70
uses-permission#android.permission.ACCESS_COARSE_LOCATION
ADDED from github_open_source\platform_packages_apps_browser\AndroidManifest.xml:27:5-80
	android:name
		ADDED from github_open_source\platform_packages_apps_browser\AndroidManifest.xml:27:22-78
uses-permission#android.permission.ACCESS_DOWNLOAD_MANAGER
ADDED from github_open_source\platform_packages_apps_browser\AndroidManifest.xml:28:5-81
	android:name
		ADDED from github_open_source\platform_packages_apps_browser\AndroidManifest.xml:28:22-79
uses-permission#android.permission.ACCESS_FINE_LOCATION
ADDED from github_open_source\platform_packages_apps_browser\AndroidManifest.xml:29:5-78
	android:name
		ADDED from github_open_source\platform_packages_apps_browser\AndroidManifest.xml:29:22-76
uses-permission#android.permission.ACCESS_NETWORK_STATE
ADDED from github_open_source\platform_packages_apps_browser\AndroidManifest.xml:30:5-78
	android:name
		ADDED from github_open_source\platform_packages_apps_browser\AndroidManifest.xml:30:22-76
uses-permission#android.permission.ACCESS_WIFI_STATE
ADDED from github_open_source\platform_packages_apps_browser\AndroidManifest.xml:31:5-75
	android:name
		ADDED from github_open_source\platform_packages_apps_browser\AndroidManifest.xml:31:22-73
uses-permission#android.permission.GET_ACCOUNTS
ADDED from github_open_source\platform_packages_apps_browser\AndroidManifest.xml:32:5-70
	android:name
		ADDED from github_open_source\platform_packages_apps_browser\AndroidManifest.xml:32:22-68
uses-permission#android.permission.USE_CREDENTIALS
ADDED from github_open_source\platform_packages_apps_browser\AndroidManifest.xml:33:5-73
	android:name
		ADDED from github_open_source\platform_packages_apps_browser\AndroidManifest.xml:33:22-71
uses-permission#android.permission.INTERNET
ADDED from github_open_source\platform_packages_apps_browser\AndroidManifest.xml:34:5-67
	android:name
		ADDED from github_open_source\platform_packages_apps_browser\AndroidManifest.xml:34:22-64
uses-permission#android.permission.NFC
ADDED from github_open_source\platform_packages_apps_browser\AndroidManifest.xml:35:5-62
	android:name
		ADDED from github_open_source\platform_packages_apps_browser\AndroidManifest.xml:35:22-59
uses-permission#android.permission.SEND_DOWNLOAD_COMPLETED_INTENTS
ADDED from github_open_source\platform_packages_apps_browser\AndroidManifest.xml:36:5-90
	android:name
		ADDED from github_open_source\platform_packages_apps_browser\AndroidManifest.xml:36:22-87
uses-permission#android.permission.SET_WALLPAPER
ADDED from github_open_source\platform_packages_apps_browser\AndroidManifest.xml:37:5-72
	android:name
		ADDED from github_open_source\platform_packages_apps_browser\AndroidManifest.xml:37:22-69
uses-permission#android.permission.WAKE_LOCK
ADDED from github_open_source\platform_packages_apps_browser\AndroidManifest.xml:38:5-67
	android:name
		ADDED from github_open_source\platform_packages_apps_browser\AndroidManifest.xml:38:22-65
uses-permission#android.permission.WRITE_EXTERNAL_STORAGE
ADDED from github_open_source\platform_packages_apps_browser\AndroidManifest.xml:39:5-81
	android:name
		ADDED from github_open_source\platform_packages_apps_browser\AndroidManifest.xml:39:22-78
uses-permission#android.permission.WRITE_SETTINGS
ADDED from github_open_source\platform_packages_apps_browser\AndroidManifest.xml:40:5-73
	android:name
		ADDED from github_open_source\platform_packages_apps_browser\AndroidManifest.xml:40:22-70
uses-permission#android.permission.READ_SYNC_SETTINGS
ADDED from github_open_source\platform_packages_apps_browser\AndroidManifest.xml:41:5-77
	android:name
		ADDED from github_open_source\platform_packages_apps_browser\AndroidManifest.xml:41:22-74
uses-permission#android.permission.WRITE_SYNC_SETTINGS
ADDED from github_open_source\platform_packages_apps_browser\AndroidManifest.xml:42:5-78
	android:name
		ADDED from github_open_source\platform_packages_apps_browser\AndroidManifest.xml:42:22-75
uses-permission#android.permission.MANAGE_ACCOUNTS
ADDED from github_open_source\platform_packages_apps_browser\AndroidManifest.xml:43:5-74
	android:name
		ADDED from github_open_source\platform_packages_apps_browser\AndroidManifest.xml:43:22-71
uses-permission#android.permission.READ_PROFILE
ADDED from github_open_source\platform_packages_apps_browser\AndroidManifest.xml:44:5-71
	android:name
		ADDED from github_open_source\platform_packages_apps_browser\AndroidManifest.xml:44:22-68
uses-permission#android.permission.READ_CONTACTS
ADDED from github_open_source\platform_packages_apps_browser\AndroidManifest.xml:45:5-72
	android:name
		ADDED from github_open_source\platform_packages_apps_browser\AndroidManifest.xml:45:22-69
uses-permission#com.android.browser.permission.READ_HISTORY_BOOKMARKS
ADDED from github_open_source\platform_packages_apps_browser\AndroidManifest.xml:46:5-92
	android:name
		ADDED from github_open_source\platform_packages_apps_browser\AndroidManifest.xml:46:22-90
uses-permission#com.android.browser.permission.WRITE_HISTORY_BOOKMARKS
ADDED from github_open_source\platform_packages_apps_browser\AndroidManifest.xml:47:5-93
	android:name
		ADDED from github_open_source\platform_packages_apps_browser\AndroidManifest.xml:47:22-91
uses-permission#com.android.launcher.permission.INSTALL_SHORTCUT
ADDED from github_open_source\platform_packages_apps_browser\AndroidManifest.xml:48:5-87
	android:name
		ADDED from github_open_source\platform_packages_apps_browser\AndroidManifest.xml:48:22-85
uses-permission#android.permission.RECORD_AUDIO
ADDED from github_open_source\platform_packages_apps_browser\AndroidManifest.xml:49:5-70
	android:name
		ADDED from github_open_source\platform_packages_apps_browser\AndroidManifest.xml:49:22-68
uses-permission#android.permission.CAMERA
ADDED from github_open_source\platform_packages_apps_browser\AndroidManifest.xml:50:5-64
	android:name
		ADDED from github_open_source\platform_packages_apps_browser\AndroidManifest.xml:50:22-62
uses-permission#android.permission.MODIFY_AUDIO_SETTINGS
ADDED from github_open_source\platform_packages_apps_browser\AndroidManifest.xml:51:5-79
	android:name
		ADDED from github_open_source\platform_packages_apps_browser\AndroidManifest.xml:51:22-77
application
ADDED from github_open_source\platform_packages_apps_browser\AndroidManifest.xml:53:5-270:19
MERGED from [com.android.support:support-v13:23.0.1] AndroidManifest.xml:22:5-20
MERGED from [com.android.support:support-v4:23.0.1] AndroidManifest.xml:22:5-20
	android:backupAgent
		ADDED from github_open_source\platform_packages_apps_browser\AndroidManifest.xml:56:20-61
	android:label
		ADDED from github_open_source\platform_packages_apps_browser\AndroidManifest.xml:54:20-60
	android:hardwareAccelerated
		ADDED from github_open_source\platform_packages_apps_browser\AndroidManifest.xml:57:20-54
	android:icon
		ADDED from github_open_source\platform_packages_apps_browser\AndroidManifest.xml:55:20-62
	android:taskAffinity
		ADDED from github_open_source\platform_packages_apps_browser\AndroidManifest.xml:58:20-63
	android:name
		ADDED from github_open_source\platform_packages_apps_browser\AndroidManifest.xml:53:20-42
provider#com.android.browser.provider.BrowserProvider2
ADDED from github_open_source\platform_packages_apps_browser\AndroidManifest.xml:60:9-68:20
	android:readPermission
		ADDED from github_open_source\platform_packages_apps_browser\AndroidManifest.xml:64:19-97
	android:authorities
		ADDED from github_open_source\platform_packages_apps_browser\AndroidManifest.xml:61:19-68
	android:multiprocess
		ADDED from github_open_source\platform_packages_apps_browser\AndroidManifest.xml:62:19-47
	android:exported
		ADDED from github_open_source\platform_packages_apps_browser\AndroidManifest.xml:63:19-42
	android:name
		ADDED from github_open_source\platform_packages_apps_browser\AndroidManifest.xml:60:19-60
	android:writePermission
		ADDED from github_open_source\platform_packages_apps_browser\AndroidManifest.xml:65:19-99
path-permission
ADDED from github_open_source\platform_packages_apps_browser\AndroidManifest.xml:66:13-67:81
	android:readPermission
		ADDED from github_open_source\platform_packages_apps_browser\AndroidManifest.xml:67:21-78
	android:path
		ADDED from github_open_source\platform_packages_apps_browser\AndroidManifest.xml:66:30-76
activity#com.android.browser.BrowserActivity
ADDED from github_open_source\platform_packages_apps_browser\AndroidManifest.xml:69:9-144:20
	android:label
		ADDED from github_open_source\platform_packages_apps_browser\AndroidManifest.xml:70:19-59
	android:launchMode
		ADDED from github_open_source\platform_packages_apps_browser\AndroidManifest.xml:71:19-50
	android:windowSoftInputMode
		ADDED from github_open_source\platform_packages_apps_browser\AndroidManifest.xml:75:19-61
	android:configChanges
		ADDED from github_open_source\platform_packages_apps_browser\AndroidManifest.xml:73:19-96
	android:alwaysRetainTaskState
		ADDED from github_open_source\platform_packages_apps_browser\AndroidManifest.xml:72:19-55
	android:theme
		ADDED from github_open_source\platform_packages_apps_browser\AndroidManifest.xml:74:19-54
	android:name
		ADDED from github_open_source\platform_packages_apps_browser\AndroidManifest.xml:69:19-49
intent-filter#android.intent.category.DEFAULT+android.speech.action.VOICE_SEARCH_RESULTS
ADDED from github_open_source\platform_packages_apps_browser\AndroidManifest.xml:76:13-79:29
action#android.speech.action.VOICE_SEARCH_RESULTS
ADDED from github_open_source\platform_packages_apps_browser\AndroidManifest.xml:77:17-85
	android:name
		ADDED from github_open_source\platform_packages_apps_browser\AndroidManifest.xml:77:25-82
category#android.intent.category.DEFAULT
ADDED from github_open_source\platform_packages_apps_browser\AndroidManifest.xml:78:17-76
	android:name
		ADDED from github_open_source\platform_packages_apps_browser\AndroidManifest.xml:78:27-73
intent-filter#android.intent.action.VIEW+android.intent.category.BROWSABLE+android.intent.category.DEFAULT
ADDED from github_open_source\platform_packages_apps_browser\AndroidManifest.xml:82:13-89:29
action#android.intent.action.VIEW
ADDED from github_open_source\platform_packages_apps_browser\AndroidManifest.xml:83:17-69
	android:name
		ADDED from github_open_source\platform_packages_apps_browser\AndroidManifest.xml:83:25-66
category#android.intent.category.BROWSABLE
ADDED from github_open_source\platform_packages_apps_browser\AndroidManifest.xml:85:17-78
	android:name
		ADDED from github_open_source\platform_packages_apps_browser\AndroidManifest.xml:85:27-75
data
ADDED from github_open_source\platform_packages_apps_browser\AndroidManifest.xml:86:17-47
	android:scheme
		ADDED from github_open_source\platform_packages_apps_browser\AndroidManifest.xml:86:23-44
intent-filter#android.intent.category.DEFAULT+android.nfc.action.NDEF_DISCOVERED
ADDED from github_open_source\platform_packages_apps_browser\AndroidManifest.xml:104:13-109:29
	android:priority
		ADDED from github_open_source\platform_packages_apps_browser\AndroidManifest.xml:104:28-51
action#android.nfc.action.NDEF_DISCOVERED
ADDED from github_open_source\platform_packages_apps_browser\AndroidManifest.xml:105:17-77
	android:name
		ADDED from github_open_source\platform_packages_apps_browser\AndroidManifest.xml:105:25-74
intent-filter#android.intent.action.MAIN+android.intent.category.APP_BROWSER+android.intent.category.BROWSABLE+android.intent.category.DEFAULT+android.intent.category.LAUNCHER
ADDED from github_open_source\platform_packages_apps_browser\AndroidManifest.xml:111:13-117:29
action#android.intent.action.MAIN
ADDED from github_open_source\platform_packages_apps_browser\AndroidManifest.xml:112:17-69
	android:name
		ADDED from github_open_source\platform_packages_apps_browser\AndroidManifest.xml:112:25-66
category#android.intent.category.LAUNCHER
ADDED from github_open_source\platform_packages_apps_browser\AndroidManifest.xml:114:17-77
	android:name
		ADDED from github_open_source\platform_packages_apps_browser\AndroidManifest.xml:114:27-74
category#android.intent.category.APP_BROWSER
ADDED from github_open_source\platform_packages_apps_browser\AndroidManifest.xml:116:17-80
	android:name
		ADDED from github_open_source\platform_packages_apps_browser\AndroidManifest.xml:116:27-77
intent-filter#android.intent.action.WEB_SEARCH+android.intent.category.BROWSABLE+android.intent.category.DEFAULT
ADDED from github_open_source\platform_packages_apps_browser\AndroidManifest.xml:126:13-133:29
action#android.intent.action.WEB_SEARCH
ADDED from github_open_source\platform_packages_apps_browser\AndroidManifest.xml:127:17-75
	android:name
		ADDED from github_open_source\platform_packages_apps_browser\AndroidManifest.xml:127:25-72
intent-filter#android.intent.action.MEDIA_SEARCH+android.intent.category.DEFAULT
ADDED from github_open_source\platform_packages_apps_browser\AndroidManifest.xml:134:13-137:29
action#android.intent.action.MEDIA_SEARCH
ADDED from github_open_source\platform_packages_apps_browser\AndroidManifest.xml:135:17-77
	android:name
		ADDED from github_open_source\platform_packages_apps_browser\AndroidManifest.xml:135:25-74
intent-filter#android.intent.action.SEARCH+android.intent.category.DEFAULT
ADDED from github_open_source\platform_packages_apps_browser\AndroidManifest.xml:138:13-141:29
action#android.intent.action.SEARCH
ADDED from github_open_source\platform_packages_apps_browser\AndroidManifest.xml:139:17-71
	android:name
		ADDED from github_open_source\platform_packages_apps_browser\AndroidManifest.xml:139:25-68
meta-data#android.app.searchable
ADDED from github_open_source\platform_packages_apps_browser\AndroidManifest.xml:142:13-143:58
	android:resource
		ADDED from github_open_source\platform_packages_apps_browser\AndroidManifest.xml:143:21-55
	android:name
		ADDED from github_open_source\platform_packages_apps_browser\AndroidManifest.xml:142:24-61
activity#com.android.browser.ShortcutActivity
ADDED from github_open_source\platform_packages_apps_browser\AndroidManifest.xml:146:9-156:20
	android:label
		ADDED from github_open_source\platform_packages_apps_browser\AndroidManifest.xml:148:13-54
	android:icon
		ADDED from github_open_source\platform_packages_apps_browser\AndroidManifest.xml:149:13-73
	android:theme
		ADDED from github_open_source\platform_packages_apps_browser\AndroidManifest.xml:147:13-49
	android:name
		ADDED from github_open_source\platform_packages_apps_browser\AndroidManifest.xml:146:19-50
intent-filter#android.intent.action.CREATE_SHORTCUT+android.intent.category.DEFAULT
ADDED from github_open_source\platform_packages_apps_browser\AndroidManifest.xml:151:13-154:29
action#android.intent.action.CREATE_SHORTCUT
ADDED from github_open_source\platform_packages_apps_browser\AndroidManifest.xml:152:17-80
	android:name
		ADDED from github_open_source\platform_packages_apps_browser\AndroidManifest.xml:152:25-77
activity#com.android.browser.BrowserPreferencesPage
ADDED from github_open_source\platform_packages_apps_browser\AndroidManifest.xml:158:9-163:20
	android:label
		ADDED from github_open_source\platform_packages_apps_browser\AndroidManifest.xml:158:57-97
	android:name
		ADDED from github_open_source\platform_packages_apps_browser\AndroidManifest.xml:158:19-56
intent-filter#android.intent.action.MANAGE_NETWORK_USAGE+android.intent.category.DEFAULT
ADDED from github_open_source\platform_packages_apps_browser\AndroidManifest.xml:159:13-162:29
action#android.intent.action.MANAGE_NETWORK_USAGE
ADDED from github_open_source\platform_packages_apps_browser\AndroidManifest.xml:160:16-84
	android:name
		ADDED from github_open_source\platform_packages_apps_browser\AndroidManifest.xml:160:24-81
activity#com.android.browser.BookmarkSearch
ADDED from github_open_source\platform_packages_apps_browser\AndroidManifest.xml:165:9-176:20
	android:label
		ADDED from github_open_source\platform_packages_apps_browser\AndroidManifest.xml:166:19-59
	android:stateNotNeeded
		ADDED from github_open_source\platform_packages_apps_browser\AndroidManifest.xml:167:19-48
	android:excludeFromRecents
		ADDED from github_open_source\platform_packages_apps_browser\AndroidManifest.xml:169:19-52
	android:theme
		ADDED from github_open_source\platform_packages_apps_browser\AndroidManifest.xml:168:19-65
	android:name
		ADDED from github_open_source\platform_packages_apps_browser\AndroidManifest.xml:165:19-48
activity#com.android.browser.AddBookmarkPage
ADDED from github_open_source\platform_packages_apps_browser\AndroidManifest.xml:178:9-187:20
	android:label
		ADDED from github_open_source\platform_packages_apps_browser\AndroidManifest.xml:178:50-92
	android:windowSoftInputMode
		ADDED from github_open_source\platform_packages_apps_browser\AndroidManifest.xml:181:19-61
	android:configChanges
		ADDED from github_open_source\platform_packages_apps_browser\AndroidManifest.xml:180:19-80
	android:theme
		ADDED from github_open_source\platform_packages_apps_browser\AndroidManifest.xml:179:19-57
	android:name
		ADDED from github_open_source\platform_packages_apps_browser\AndroidManifest.xml:178:19-49
intent-filter#android.intent.action.INSERT+android.intent.category.DEFAULT
ADDED from github_open_source\platform_packages_apps_browser\AndroidManifest.xml:182:13-186:29
action#android.intent.action.INSERT
ADDED from github_open_source\platform_packages_apps_browser\AndroidManifest.xml:183:17-71
	android:name
		ADDED from github_open_source\platform_packages_apps_browser\AndroidManifest.xml:183:25-68
activity#com.android.browser.ComboViewActivity
ADDED from github_open_source\platform_packages_apps_browser\AndroidManifest.xml:189:9-190:20
	android:name
		ADDED from github_open_source\platform_packages_apps_browser\AndroidManifest.xml:189:19-51
receiver#com.android.browser.widget.BookmarkThumbnailWidgetProvider
ADDED from github_open_source\platform_packages_apps_browser\AndroidManifest.xml:193:9-205:20
	android:label
		ADDED from github_open_source\platform_packages_apps_browser\AndroidManifest.xml:195:13-46
	android:name
		ADDED from github_open_source\platform_packages_apps_browser\AndroidManifest.xml:194:13-67
intent-filter#android.appwidget.action.APPWIDGET_UPDATE+com.android.browser.BOOKMARK_APPWIDGET_UPDATE
ADDED from github_open_source\platform_packages_apps_browser\AndroidManifest.xml:196:13-201:29
action#android.appwidget.action.APPWIDGET_UPDATE
ADDED from github_open_source\platform_packages_apps_browser\AndroidManifest.xml:197:17-198:80
	android:name
		ADDED from github_open_source\platform_packages_apps_browser\AndroidManifest.xml:198:21-77
action#com.android.browser.BOOKMARK_APPWIDGET_UPDATE
ADDED from github_open_source\platform_packages_apps_browser\AndroidManifest.xml:199:17-200:84
	android:name
		ADDED from github_open_source\platform_packages_apps_browser\AndroidManifest.xml:200:21-81
meta-data#android.appwidget.provider
ADDED from github_open_source\platform_packages_apps_browser\AndroidManifest.xml:202:13-204:72
	android:resource
		ADDED from github_open_source\platform_packages_apps_browser\AndroidManifest.xml:204:17-69
	android:name
		ADDED from github_open_source\platform_packages_apps_browser\AndroidManifest.xml:203:17-58
service#com.android.browser.widget.BookmarkThumbnailWidgetService
ADDED from github_open_source\platform_packages_apps_browser\AndroidManifest.xml:206:9-209:40
	android:exported
		ADDED from github_open_source\platform_packages_apps_browser\AndroidManifest.xml:209:13-37
	android:permission
		ADDED from github_open_source\platform_packages_apps_browser\AndroidManifest.xml:208:13-69
	android:name
		ADDED from github_open_source\platform_packages_apps_browser\AndroidManifest.xml:207:13-66
receiver#com.android.browser.widget.BookmarkWidgetProxy
ADDED from github_open_source\platform_packages_apps_browser\AndroidManifest.xml:210:9-212:40
	android:exported
		ADDED from github_open_source\platform_packages_apps_browser\AndroidManifest.xml:212:13-37
	android:name
		ADDED from github_open_source\platform_packages_apps_browser\AndroidManifest.xml:211:13-55
activity#com.android.browser.widget.BookmarkWidgetConfigure
ADDED from github_open_source\platform_packages_apps_browser\AndroidManifest.xml:213:9-218:20
	android:theme
		ADDED from github_open_source\platform_packages_apps_browser\AndroidManifest.xml:214:13-70
	android:name
		ADDED from github_open_source\platform_packages_apps_browser\AndroidManifest.xml:213:19-65
intent-filter#android.appwidget.action.APPWIDGET_CONFIGURE
ADDED from github_open_source\platform_packages_apps_browser\AndroidManifest.xml:215:13-217:29
action#android.appwidget.action.APPWIDGET_CONFIGURE
ADDED from github_open_source\platform_packages_apps_browser\AndroidManifest.xml:216:17-86
	android:name
		ADDED from github_open_source\platform_packages_apps_browser\AndroidManifest.xml:216:25-84
meta-data#android.app.default_searchable
ADDED from github_open_source\platform_packages_apps_browser\AndroidManifest.xml:221:9-101
	android:value
		ADDED from github_open_source\platform_packages_apps_browser\AndroidManifest.xml:221:66-98
	android:name
		ADDED from github_open_source\platform_packages_apps_browser\AndroidManifest.xml:221:20-65
meta-data#com.google.android.partnersetup.RLZ_ACCESS_POINT
ADDED from github_open_source\platform_packages_apps_browser\AndroidManifest.xml:228:9-229:63
	android:value
		ADDED from github_open_source\platform_packages_apps_browser\AndroidManifest.xml:229:20-60
	android:name
		ADDED from github_open_source\platform_packages_apps_browser\AndroidManifest.xml:228:20-83
receiver#com.android.browser.OpenDownloadReceiver
ADDED from github_open_source\platform_packages_apps_browser\AndroidManifest.xml:231:9-235:20
	android:name
		ADDED from github_open_source\platform_packages_apps_browser\AndroidManifest.xml:231:19-55
intent-filter#android.intent.action.DOWNLOAD_NOTIFICATION_CLICKED
ADDED from github_open_source\platform_packages_apps_browser\AndroidManifest.xml:232:13-234:29
action#android.intent.action.DOWNLOAD_NOTIFICATION_CLICKED
ADDED from github_open_source\platform_packages_apps_browser\AndroidManifest.xml:233:17-93
	android:name
		ADDED from github_open_source\platform_packages_apps_browser\AndroidManifest.xml:233:25-91
provider#com.android.browser.homepages.HomeProvider
ADDED from github_open_source\platform_packages_apps_browser\AndroidManifest.xml:238:9-242:40
	android:readPermission
		ADDED from github_open_source\platform_packages_apps_browser\AndroidManifest.xml:241:13-91
	android:authorities
		ADDED from github_open_source\platform_packages_apps_browser\AndroidManifest.xml:240:13-59
	android:exported
		ADDED from github_open_source\platform_packages_apps_browser\AndroidManifest.xml:242:13-37
	android:name
		ADDED from github_open_source\platform_packages_apps_browser\AndroidManifest.xml:239:13-51
receiver#com.android.browser.AccountsChangedReceiver
ADDED from github_open_source\platform_packages_apps_browser\AndroidManifest.xml:244:9-248:20
	android:name
		ADDED from github_open_source\platform_packages_apps_browser\AndroidManifest.xml:244:19-58
intent-filter#android.accounts.LOGIN_ACCOUNTS_CHANGED
ADDED from github_open_source\platform_packages_apps_browser\AndroidManifest.xml:245:13-247:29
action#android.accounts.LOGIN_ACCOUNTS_CHANGED
ADDED from github_open_source\platform_packages_apps_browser\AndroidManifest.xml:246:17-82
	android:name
		ADDED from github_open_source\platform_packages_apps_browser\AndroidManifest.xml:246:25-79
receiver#com.android.browser.PreloadRequestReceiver
ADDED from github_open_source\platform_packages_apps_browser\AndroidManifest.xml:250:9-256:21
	android:permission
		ADDED from github_open_source\platform_packages_apps_browser\AndroidManifest.xml:251:14-73
	android:name
		ADDED from github_open_source\platform_packages_apps_browser\AndroidManifest.xml:250:19-57
intent-filter#android.intent.action.PRELOAD
ADDED from github_open_source\platform_packages_apps_browser\AndroidManifest.xml:252:14-255:30
action#android.intent.action.PRELOAD
ADDED from github_open_source\platform_packages_apps_browser\AndroidManifest.xml:253:18-72
	android:name
		ADDED from github_open_source\platform_packages_apps_browser\AndroidManifest.xml:253:26-70
provider#com.android.browser.provider.SnapshotProvider
ADDED from github_open_source\platform_packages_apps_browser\AndroidManifest.xml:258:9-260:46
	android:authorities
		ADDED from github_open_source\platform_packages_apps_browser\AndroidManifest.xml:259:19-70
	android:exported
		ADDED from github_open_source\platform_packages_apps_browser\AndroidManifest.xml:260:19-43
	android:name
		ADDED from github_open_source\platform_packages_apps_browser\AndroidManifest.xml:258:19-60
provider#android.support.v4.content.FileProvider
ADDED from github_open_source\platform_packages_apps_browser\AndroidManifest.xml:262:9-269:20
	android:authorities
		ADDED from github_open_source\platform_packages_apps_browser\AndroidManifest.xml:263:19-73
	android:grantUriPermissions
		ADDED from github_open_source\platform_packages_apps_browser\AndroidManifest.xml:265:19-53
	android:exported
		ADDED from github_open_source\platform_packages_apps_browser\AndroidManifest.xml:264:19-43
	android:name
		ADDED from github_open_source\platform_packages_apps_browser\AndroidManifest.xml:262:19-73
meta-data#android.support.FILE_PROVIDER_PATHS
ADDED from github_open_source\platform_packages_apps_browser\AndroidManifest.xml:266:14-268:55
	android:resource
		ADDED from github_open_source\platform_packages_apps_browser\AndroidManifest.xml:268:18-52
	android:name
		ADDED from github_open_source\platform_packages_apps_browser\AndroidManifest.xml:267:18-68
uses-sdk
INJECTED from github_open_source\platform_packages_apps_browser\AndroidManifest.xml reason: use-sdk injection requested
MERGED from [com.android.support:support-v13:23.0.1] AndroidManifest.xml:20:5-44
MERGED from [com.android.support:support-v4:23.0.1] AndroidManifest.xml:20:5-43
	android:targetSdkVersion
		INJECTED from github_open_source\platform_packages_apps_browser\AndroidManifest.xml
		INJECTED from github_open_source\platform_packages_apps_browser\AndroidManifest.xml
	android:minSdkVersion
		INJECTED from github_open_source\platform_packages_apps_browser\AndroidManifest.xml
		INJECTED from github_open_source\platform_packages_apps_browser\AndroidManifest.xml